<?xml version="1.0" encoding="UTF-8"?>
<!-- Generated by org.testng.reporters.JUnitReportReporter -->
<testsuite hostname="DESKTOP-AAF5KVV" failures="0" tests="2" name="Academy.HomePage" time="40.898" errors="0" timestamp="2022-10-11T15:22:11 IST" skipped="0">
  <testcase classname="Academy.HomePage" name="basePageNavigation" time="14.567"/>
  <system-out/>
  <testcase classname="Academy.HomePage" name="basePageNavigation" time="26.331"/>
  <system-out/>
</testsuite> <!-- Academy.HomePage -->
