<?xml version="1.0" encoding="UTF-8"?>
<!-- Generated by org.testng.reporters.JUnitReportReporter -->
<testsuite hostname="DESKTOP-AAF5KVV" failures="0" tests="1" name="Academy.validateNavigationBar" time="0.383" errors="0" timestamp="2021-05-02T13:21:35 IST" skipped="0">
  <testcase classname="Academy.validateNavigationBar" name="validateAppNavBar" time="0.383"/>
  <system-out/>
</testsuite> <!-- Academy.validateNavigationBar -->
