<?xml version="1.0" encoding="UTF-8"?>
<!-- Generated by org.testng.reporters.JUnitReportReporter -->
<testsuite hostname="DESKTOP-AAF5KVV" failures="0" tests="1" name="Academy.validateNavigationBar" time="2.195" errors="0" timestamp="2022-10-11T15:22:10 IST" skipped="0">
  <testcase classname="Academy.validateNavigationBar" name="validateAppNavBar" time="2.195"/>
  <system-out/>
</testsuite> <!-- Academy.validateNavigationBar -->
