<?xml version="1.0" encoding="UTF-8"?>
<!-- Generated by org.testng.reporters.JUnitReportReporter -->
<testsuite hostname="DESKTOP-AAF5KVV" failures="0" tests="1" name="Academy.validateTitle" time="2.666" errors="0" timestamp="2022-10-11T15:22:10 IST" skipped="0">
  <testcase classname="Academy.validateTitle" name="validateAppTitle" time="2.666"/>
  <system-out/>
</testsuite> <!-- Academy.validateTitle -->
